<?xml version="1.0" encoding="UTF-8"?>
<testng-results ignored="0" total="1" passed="1" failed="0" skipped="0">
  <reporter-output>
  </reporter-output>
  <suite started-at="2023-09-29T13:02:37 IST" name="Default suite" finished-at="2023-09-29T13:03:24 IST" duration-ms="47071">
    <groups>
    </groups>
    <test started-at="2023-09-29T13:02:37 IST" name="Default test" finished-at="2023-09-29T13:03:24 IST" duration-ms="47071">
      <class name="com.jsonpractice.TestBrokenLinks">
        <test-method signature="testBrokenLinks()[pri:0, instance:com.jsonpractice.TestBrokenLinks@7526515b]" started-at="2023-09-29T13:02:37 IST" name="testBrokenLinks" finished-at="2023-09-29T13:03:24 IST" duration-ms="46991" status="PASS">
          <reporter-output>
          </reporter-output>
        </test-method> <!-- testBrokenLinks -->
      </class> <!-- com.jsonpractice.TestBrokenLinks -->
    </test> <!-- Default test -->
  </suite> <!-- Default suite -->
</testng-results>
